<?xml version="1.0" encoding="UTF-8"?>
<!-- Generated by org.testng.reporters.JUnitXMLReporter -->
<testsuite ignored="0" hostname="DESKTOP-RVJV18D" failures="1" tests="31" name="Test" time="98.517" errors="0" timestamp="2023-12-24T00:23:27 IST">
  <testcase classname="com.project.testcases.Login_QATest" name="loginTest" time="3.412"/>
  <testcase classname="com.project.testcases.WarehouseManagement_Test" name="clickOnDispositionlinkTest" time="3.108"/>
  <testcase classname="com.project.testcases.RTV_Test" name="RTV" time="1.606"/>
  <testcase classname="com.project.testcases.RTV_Test" name="rtvSelectItem" time="1.828"/>
  <testcase classname="com.project.testcases.RTV_Test" name="RTVSetDisposition" time="0.173"/>
  <testcase classname="com.project.testcases.RTV_Test" name="RTVDispoToInsurance" time="0.695"/>
  <testcase classname="com.project.testcases.RTV_Test" name="RTVAddRemarks" time="0.981"/>
  <testcase classname="com.project.testcases.RTV_Test" name="RTVAttachDoc" time="2.955"/>
  <testcase classname="com.project.testcases.RTV_Test" name="RTVConfirm" time="0.75"/>
  <testcase classname="com.project.testcases.RTV_Test" name="rtvSelectItemForDispatch" time="2.849"/>
  <testcase classname="com.project.testcases.RTV_Test" name="RTVMoveToDispatch" time="1.293"/>
  <testcase classname="com.project.testcases.RTV_Test" name="RTVVendorcode" time="1.962"/>
  <testcase classname="com.project.testcases.RTV_Test" name="RTVLotName" time="0.984"/>
  <testcase classname="com.project.testcases.RTV_Test" name="RTVConfirmDispatch" time="0.11"/>
  <testcase classname="com.project.testcases.RTV_Test" name="RTVDispatchOkbutton" time="2.173"/>
  <testcase classname="com.project.testcases.Disposition_Test" name="Disposition" time="1.17"/>
  <testcase classname="com.project.testcases.Redeploy_Test" name="redeploy" time="1.478"/>
  <testcase classname="com.project.testcases.Redeploy_Test" name="redeploySelectItem" time="3.881"/>
  <testcase classname="com.project.testcases.Redeploy_Test" name="redeploySetDisposition" time="0.152"/>
  <testcase classname="com.project.testcases.Redeploy_Test" name="redeployDispoToInsurance" time="0.67"/>
  <testcase classname="com.project.testcases.Redeploy_Test" name="redeployAddRemarks" time="0.844"/>
  <testcase classname="com.project.testcases.Redeploy_Test" name="redployAttachDoc" time="50.049">
    <failure type="org.openqa.selenium.NoSuchElementException" message="no such element: Unable to locate element: {&amp;quot;method&amp;quot;:&amp;quot;xpath&amp;quot;,&amp;quot;selector&amp;quot;:&amp;quot;//label[text()=&amp;apos;ATTACH DOCUMENTS&amp;apos;]/following-sibling::div[@class=&amp;apos;v-file-input__text v-file-input__text--chips&amp;apos;]&amp;quot;}
  (Session info: chrome=120.0.6099.129)
For documentation on this error, please visit: https://www.seleniumhq.org/exceptions/no_such_element.html
Build info: version: &amp;apos;3.141.59&amp;apos;, revision: &amp;apos;e82be7d358&amp;apos;, time: &amp;apos;2018-11-14T08:25:53&amp;apos;
System info: host: &amp;apos;DESKTOP-RVJV18D&amp;apos;, ip: &amp;apos;192.168.2.8&amp;apos;, os.name: &amp;apos;Windows 10&amp;apos;, os.arch: &amp;apos;amd64&amp;apos;, os.version: &amp;apos;10.0&amp;apos;, java.version: &amp;apos;19.0.1&amp;apos;
Driver info: org.openqa.selenium.chrome.ChromeDriver
Capabilities {acceptInsecureCerts: false, browserName: chrome, browserVersion: 120.0.6099.129, chrome: {chromedriverVersion: 119.0.6045.105 (38c72552c5e..., userDataDir: C:\Users\Blubirch\AppData\L...}, fedcm:accounts: true, goog:chromeOptions: {debuggerAddress: localhost:54725}, javascriptEnabled: true, networkConnectionEnabled: false, pageLoadStrategy: normal, platform: WINDOWS, platformName: WINDOWS, proxy: Proxy(), setWindowRect: true, strictFileInteractability: false, timeouts: {implicit: 0, pageLoad: 300000, script: 30000}, unhandledPromptBehavior: dismiss and notify, webauthn:extension:credBlob: true, webauthn:extension:largeBlob: true, webauthn:extension:minPinLength: true, webauthn:extension:prf: true, webauthn:virtualAuthenticators: true}
Session ID: 1cccd4ee3e8f51e90e2fcc8440e0728a
*** Element info: {Using=xpath, value=//label[text()=&amp;apos;ATTACH DOCUMENTS&amp;apos;]/following-sibling::div[@class=&amp;apos;v-file-input__text v-file-input__text--chips&amp;apos;]}">
      <![CDATA[org.openqa.selenium.NoSuchElementException: no such element: Unable to locate element: {"method":"xpath","selector":"//label[text()='ATTACH DOCUMENTS']/following-sibling::div[@class='v-file-input__text v-file-input__text--chips']"}
  (Session info: chrome=120.0.6099.129)
For documentation on this error, please visit: https://www.seleniumhq.org/exceptions/no_such_element.html
Build info: version: '3.141.59', revision: 'e82be7d358', time: '2018-11-14T08:25:53'
System info: host: 'DESKTOP-RVJV18D', ip: '192.168.2.8', os.name: 'Windows 10', os.arch: 'amd64', os.version: '10.0', java.version: '19.0.1'
Driver info: org.openqa.selenium.chrome.ChromeDriver
Capabilities {acceptInsecureCerts: false, browserName: chrome, browserVersion: 120.0.6099.129, chrome: {chromedriverVersion: 119.0.6045.105 (38c72552c5e..., userDataDir: C:\Users\Blubirch\AppData\L...}, fedcm:accounts: true, goog:chromeOptions: {debuggerAddress: localhost:54725}, javascriptEnabled: true, networkConnectionEnabled: false, pageLoadStrategy: normal, platform: WINDOWS, platformName: WINDOWS, proxy: Proxy(), setWindowRect: true, strictFileInteractability: false, timeouts: {implicit: 0, pageLoad: 300000, script: 30000}, unhandledPromptBehavior: dismiss and notify, webauthn:extension:credBlob: true, webauthn:extension:largeBlob: true, webauthn:extension:minPinLength: true, webauthn:extension:prf: true, webauthn:virtualAuthenticators: true}
Session ID: 1cccd4ee3e8f51e90e2fcc8440e0728a
*** Element info: {Using=xpath, value=//label[text()='ATTACH DOCUMENTS']/following-sibling::div[@class='v-file-input__text v-file-input__text--chips']}
at org.openqa.selenium.remote.http.W3CHttpResponseCodec.createException(W3CHttpResponseCodec.java:187)
at org.openqa.selenium.remote.http.W3CHttpResponseCodec.decode(W3CHttpResponseCodec.java:122)
at org.openqa.selenium.remote.http.W3CHttpResponseCodec.decode(W3CHttpResponseCodec.java:49)
at org.openqa.selenium.remote.HttpCommandExecutor.execute(HttpCommandExecutor.java:158)
at org.openqa.selenium.remote.service.DriverCommandExecutor.execute(DriverCommandExecutor.java:83)
at org.openqa.selenium.remote.RemoteWebDriver.execute(RemoteWebDriver.java:552)
at org.openqa.selenium.remote.RemoteWebDriver.findElement(RemoteWebDriver.java:323)
at org.openqa.selenium.remote.RemoteWebDriver.findElementByXPath(RemoteWebDriver.java:428)
at org.openqa.selenium.By$ByXPath.findElement(By.java:353)
at org.openqa.selenium.remote.RemoteWebDriver.findElement(RemoteWebDriver.java:315)
at org.openqa.selenium.support.pagefactory.DefaultElementLocator.findElement(DefaultElementLocator.java:69)
at org.openqa.selenium.support.pagefactory.internal.LocatingElementHandler.invoke(LocatingElementHandler.java:38)
at jdk.proxy2/jdk.proxy2.$Proxy15.click(Unknown Source)
at com.project.code.Redeploy.redployAttachDoc(Redeploy.java:83)
at com.project.testcases.Redeploy_Test.redployAttachDoc(Redeploy_Test.java:38)
at java.base/java.util.ArrayList.forEach(ArrayList.java:1511)
... Removed 28 stack frames]]>
    </failure>
  </testcase> <!-- redployAttachDoc -->
  <testcase classname="com.project.testcases.Redeploy_Test" name="redeployConfirm" time="0.812"/>
  <testcase classname="com.project.testcases.Redeploy_Test" name="redeploySelectItemForDispatch" time="1.832"/>
  <testcase classname="com.project.testcases.Redeploy_Test" name="redeployMoveToDispatch" time="1.02"/>
  <testcase classname="com.project.testcases.Redeploy_Test" name="redeployVendorcode" time="1.755"/>
  <testcase classname="com.project.testcases.Redeploy_Test" name="redeployLotName" time="0.973"/>
  <testcase classname="com.project.testcases.Redeploy_Test" name="redeployConfirmDispatch" time="6.459"/>
  <testcase classname="com.project.testcases.Redeploy_Test" name="redeployDispatchOkbutton" time="1.194"/>
  <testcase classname="com.project.testcases.Logout_InTest" name="logout" time="0.729"/>
  <testcase classname="com.project.testcases.Logout_InTest" name="Logout_Test" time="0.349"/>
</testsuite> <!-- Test -->
