<html>
<head>
<title>TestNG:  Test</title>
<link href="../testng.css" rel="stylesheet" type="text/css" />
<link href="../my-testng.css" rel="stylesheet" type="text/css" />

<style type="text/css">
.log { display: none;} 
.stack-trace { display: none;} 
</style>
<script type="text/javascript">
<!--
function flip(e) {
  current = e.style.display;
  if (current == 'block') {
    e.style.display = 'none';
    return 0;
  }
  else {
    e.style.display = 'block';
    return 1;
  }
}

function toggleBox(szDivId, elem, msg1, msg2)
{
  var res = -1;  if (document.getElementById) {
    res = flip(document.getElementById(szDivId));
  }
  else if (document.all) {
    // this is the way old msie versions work
    res = flip(document.all[szDivId]);
  }
  if(elem) {
    if(res == 0) elem.innerHTML = msg1; else elem.innerHTML = msg2;
  }

}

function toggleAllBoxes() {
  if (document.getElementsByTagName) {
    d = document.getElementsByTagName('div');
    for (i = 0; i < d.length; i++) {
      if (d[i].className == 'log') {
        flip(d[i]);
      }
    }
  }
}

// -->
</script>

</head>
<body>
<h2 align='center'>Test</h2><table border='1' align="center">
<tr>
<td>Tests passed/Failed/Skipped:</td><td>30/1/0</td>
</tr><tr>
<td>Started on:</td><td>Sun Dec 24 00:21:48 IST 2023</td>
</tr>
<tr><td>Total time:</td><td>98 seconds (98517 ms)</td>
</tr><tr>
<td>Included groups:</td><td></td>
</tr><tr>
<td>Excluded groups:</td><td></td>
</tr>
</table><p/>
<small><i>(Hover the method name to see the test class name)</i></small><p/>
<table width='100%' border='1' class='invocation-failed'>
<tr><td colspan='4' align='center'><b>FAILED TESTS</b></td></tr>
<tr><td><b>Test method</b></td>
<td width="30%"><b>Exception</b></td>
<td width="10%"><b>Time (seconds)</b></td>
<td><b>Instance</b></td>
</tr>
<tr>
<td title='com.project.testcases.Redeploy_Test.redployAttachDoc()'><b>redployAttachDoc</b><br>Test class: com.project.testcases.Redeploy_Test</td>
<td><div><pre>org.openqa.selenium.NoSuchElementException: no such element: Unable to locate element: {&quot;method&quot;:&quot;xpath&quot;,&quot;selector&quot;:&quot;//label[text()=&apos;ATTACH DOCUMENTS&apos;]/following-sibling::div[@class=&apos;v-file-input__text v-file-input__text--chips&apos;]&quot;}
  (Session info: chrome=120.0.6099.129)
For documentation on this error, please visit: https://www.seleniumhq.org/exceptions/no_such_element.html
Build info: version: &apos;3.141.59&apos;, revision: &apos;e82be7d358&apos;, time: &apos;2018-11-14T08:25:53&apos;
System info: host: &apos;DESKTOP-RVJV18D&apos;, ip: &apos;192.168.2.8&apos;, os.name: &apos;Windows 10&apos;, os.arch: &apos;amd64&apos;, os.version: &apos;10.0&apos;, java.version: &apos;19.0.1&apos;
Driver info: org.openqa.selenium.chrome.ChromeDriver
Capabilities {acceptInsecureCerts: false, browserName: chrome, browserVersion: 120.0.6099.129, chrome: {chromedriverVersion: 119.0.6045.105 (38c72552c5e..., userDataDir: C:\Users\Blubirch\AppData\L...}, fedcm:accounts: true, goog:chromeOptions: {debuggerAddress: localhost:54725}, javascriptEnabled: true, networkConnectionEnabled: false, pageLoadStrategy: normal, platform: WINDOWS, platformName: WINDOWS, proxy: Proxy(), setWindowRect: true, strictFileInteractability: false, timeouts: {implicit: 0, pageLoad: 300000, script: 30000}, unhandledPromptBehavior: dismiss and notify, webauthn:extension:credBlob: true, webauthn:extension:largeBlob: true, webauthn:extension:minPinLength: true, webauthn:extension:prf: true, webauthn:virtualAuthenticators: true}
Session ID: 1cccd4ee3e8f51e90e2fcc8440e0728a
*** Element info: {Using=xpath, value=//label[text()=&apos;ATTACH DOCUMENTS&apos;]/following-sibling::div[@class=&apos;v-file-input__text v-file-input__text--chips&apos;]}
	at org.openqa.selenium.remote.http.W3CHttpResponseCodec.createException(W3CHttpResponseCodec.java:187)
	at org.openqa.selenium.remote.http.W3CHttpResponseCodec.decode(W3CHttpResponseCodec.java:122)
	at org.openqa.selenium.remote.http.W3CHttpResponseCodec.decode(W3CHttpResponseCodec.java:49)
	at org.openqa.selenium.remote.HttpCommandExecutor.execute(HttpCommandExecutor.java:158)
	at org.openqa.selenium.remote.service.DriverCommandExecutor.execute(DriverCommandExecutor.java:83)
	at org.openqa.selenium.remote.RemoteWebDriver.execute(RemoteWebDriver.java:552)
	at org.openqa.selenium.remote.RemoteWebDriver.findElement(RemoteWebDriver.java:323)
	at org.openqa.selenium.remote.RemoteWebDriver.findElementByXPath(RemoteWebDriver.java:428)
	at org.openqa.selenium.By$ByXPath.findElement(By.java:353)
	at org.openqa.selenium.remote.RemoteWebDriver.findElement(RemoteWebDriver.java:315)
	at org.openqa.selenium.support.pagefactory.DefaultElementLocator.findElement(DefaultElementLocator.java:69)
	at org.openqa.selenium.support.pagefactory.internal.LocatingElementHandler.invoke(LocatingElementHandler.java:38)
	at jdk.proxy2/jdk.proxy2.$Proxy15.click(Unknown Source)
	at com.project.code.Redeploy.redployAttachDoc(Redeploy.java:83)
	at com.project.testcases.Redeploy_Test.redployAttachDoc(Redeploy_Test.java:38)
	at java.base/java.util.ArrayList.forEach(ArrayList.java:1511)
... Removed 28 stack frames</pre></div><a href='#' onClick='toggleBox("stack-trace1979325411", this, "Click to show all stack frames", "Click to hide stack frames")'>Click to show all stack frames</a>
<div class='stack-trace' id='stack-trace1979325411'><pre>org.openqa.selenium.NoSuchElementException: no such element: Unable to locate element: {&quot;method&quot;:&quot;xpath&quot;,&quot;selector&quot;:&quot;//label[text()=&apos;ATTACH DOCUMENTS&apos;]/following-sibling::div[@class=&apos;v-file-input__text v-file-input__text--chips&apos;]&quot;}
  (Session info: chrome=120.0.6099.129)
For documentation on this error, please visit: https://www.seleniumhq.org/exceptions/no_such_element.html
Build info: version: &apos;3.141.59&apos;, revision: &apos;e82be7d358&apos;, time: &apos;2018-11-14T08:25:53&apos;
System info: host: &apos;DESKTOP-RVJV18D&apos;, ip: &apos;192.168.2.8&apos;, os.name: &apos;Windows 10&apos;, os.arch: &apos;amd64&apos;, os.version: &apos;10.0&apos;, java.version: &apos;19.0.1&apos;
Driver info: org.openqa.selenium.chrome.ChromeDriver
Capabilities {acceptInsecureCerts: false, browserName: chrome, browserVersion: 120.0.6099.129, chrome: {chromedriverVersion: 119.0.6045.105 (38c72552c5e..., userDataDir: C:\Users\Blubirch\AppData\L...}, fedcm:accounts: true, goog:chromeOptions: {debuggerAddress: localhost:54725}, javascriptEnabled: true, networkConnectionEnabled: false, pageLoadStrategy: normal, platform: WINDOWS, platformName: WINDOWS, proxy: Proxy(), setWindowRect: true, strictFileInteractability: false, timeouts: {implicit: 0, pageLoad: 300000, script: 30000}, unhandledPromptBehavior: dismiss and notify, webauthn:extension:credBlob: true, webauthn:extension:largeBlob: true, webauthn:extension:minPinLength: true, webauthn:extension:prf: true, webauthn:virtualAuthenticators: true}
Session ID: 1cccd4ee3e8f51e90e2fcc8440e0728a
*** Element info: {Using=xpath, value=//label[text()=&apos;ATTACH DOCUMENTS&apos;]/following-sibling::div[@class=&apos;v-file-input__text v-file-input__text--chips&apos;]}
	at java.base/jdk.internal.reflect.DirectConstructorHandleAccessor.newInstance(DirectConstructorHandleAccessor.java:67)
	at java.base/java.lang.reflect.Constructor.newInstanceWithCaller(Constructor.java:500)
	at java.base/java.lang.reflect.Constructor.newInstance(Constructor.java:484)
	at org.openqa.selenium.remote.http.W3CHttpResponseCodec.createException(W3CHttpResponseCodec.java:187)
	at org.openqa.selenium.remote.http.W3CHttpResponseCodec.decode(W3CHttpResponseCodec.java:122)
	at org.openqa.selenium.remote.http.W3CHttpResponseCodec.decode(W3CHttpResponseCodec.java:49)
	at org.openqa.selenium.remote.HttpCommandExecutor.execute(HttpCommandExecutor.java:158)
	at org.openqa.selenium.remote.service.DriverCommandExecutor.execute(DriverCommandExecutor.java:83)
	at org.openqa.selenium.remote.RemoteWebDriver.execute(RemoteWebDriver.java:552)
	at org.openqa.selenium.remote.RemoteWebDriver.findElement(RemoteWebDriver.java:323)
	at org.openqa.selenium.remote.RemoteWebDriver.findElementByXPath(RemoteWebDriver.java:428)
	at org.openqa.selenium.By$ByXPath.findElement(By.java:353)
	at org.openqa.selenium.remote.RemoteWebDriver.findElement(RemoteWebDriver.java:315)
	at org.openqa.selenium.support.pagefactory.DefaultElementLocator.findElement(DefaultElementLocator.java:69)
	at org.openqa.selenium.support.pagefactory.internal.LocatingElementHandler.invoke(LocatingElementHandler.java:38)
	at jdk.proxy2/jdk.proxy2.$Proxy15.click(Unknown Source)
	at com.project.code.Redeploy.redployAttachDoc(Redeploy.java:83)
	at com.project.testcases.Redeploy_Test.redployAttachDoc(Redeploy_Test.java:38)
	at java.base/jdk.internal.reflect.DirectMethodHandleAccessor.invoke(DirectMethodHandleAccessor.java:104)
	at java.base/java.lang.reflect.Method.invoke(Method.java:578)
	at org.testng.internal.MethodInvocationHelper.invokeMethod(MethodInvocationHelper.java:133)
	at org.testng.internal.TestInvoker.invokeMethod(TestInvoker.java:598)
	at org.testng.internal.TestInvoker.invokeTestMethod(TestInvoker.java:173)
	at org.testng.internal.MethodRunner.runInSequence(MethodRunner.java:46)
	at org.testng.internal.TestInvoker$MethodInvocationAgent.invoke(TestInvoker.java:824)
	at org.testng.internal.TestInvoker.invokeTestMethods(TestInvoker.java:146)
	at org.testng.internal.TestMethodWorker.invokeTestMethods(TestMethodWorker.java:146)
	at org.testng.internal.TestMethodWorker.run(TestMethodWorker.java:128)
	at java.base/java.util.ArrayList.forEach(ArrayList.java:1511)
	at org.testng.TestRunner.privateRun(TestRunner.java:794)
	at org.testng.TestRunner.run(TestRunner.java:596)
	at org.testng.SuiteRunner.runTest(SuiteRunner.java:377)
	at org.testng.SuiteRunner.runSequentially(SuiteRunner.java:371)
	at org.testng.SuiteRunner.privateRun(SuiteRunner.java:332)
	at org.testng.SuiteRunner.run(SuiteRunner.java:276)
	at org.testng.SuiteRunnerWorker.runSuite(SuiteRunnerWorker.java:53)
	at org.testng.SuiteRunnerWorker.run(SuiteRunnerWorker.java:96)
	at org.testng.TestNG.runSuitesSequentially(TestNG.java:1212)
	at org.testng.TestNG.runSuitesLocally(TestNG.java:1134)
	at org.testng.TestNG.runSuites(TestNG.java:1063)
	at org.testng.TestNG.run(TestNG.java:1031)
	at org.testng.remote.AbstractRemoteTestNG.run(AbstractRemoteTestNG.java:115)
	at org.testng.remote.RemoteTestNG.initAndRun(RemoteTestNG.java:251)
	at org.testng.remote.RemoteTestNG.main(RemoteTestNG.java:77)
</pre></div></td>
<td>50</td>
<td>com.project.testcases.Redeploy_Test@1d2adfbe</td></tr>
</table><p>
<table width='100%' border='1' class='invocation-passed'>
<tr><td colspan='4' align='center'><b>PASSED TESTS</b></td></tr>
<tr><td><b>Test method</b></td>
<td width="30%"><b>Exception</b></td>
<td width="10%"><b>Time (seconds)</b></td>
<td><b>Instance</b></td>
</tr>
<tr>
<td title='com.project.testcases.Login_QATest.loginTest()'><b>loginTest</b><br>Test class: com.project.testcases.Login_QATest<br/>
<a href="#Output-1690294013" onClick='toggleBox("Output-1690294013", this, "Show output", "Hide output");'>Show output</a>

<a href="#Output-1690294013" onClick="toggleAllBoxes();">Show all outputs</a>
<div class='log' id="Output-1690294013">
Logined succussfully<br/>
</div>
</td>
<td></td>
<td>3</td>
<td>com.project.testcases.Login_QATest@399f45b1</td></tr>
<tr>
<td title='com.project.testcases.Logout_InTest.logout()'><b>logout</b><br>Test class: com.project.testcases.Logout_InTest</td>
<td></td>
<td>0</td>
<td>com.project.testcases.Logout_InTest@36902638</td></tr>
<tr>
<td title='com.project.testcases.Redeploy_Test.redeployAddRemarks()'><b>redeployAddRemarks</b><br>Test class: com.project.testcases.Redeploy_Test</td>
<td></td>
<td>0</td>
<td>com.project.testcases.Redeploy_Test@1d2adfbe</td></tr>
<tr>
<td title='com.project.testcases.Disposition_Test.Disposition()'><b>Disposition</b><br>Test class: com.project.testcases.Disposition_Test</td>
<td></td>
<td>1</td>
<td>com.project.testcases.Disposition_Test@49ec71f8</td></tr>
<tr>
<td title='com.project.testcases.RTV_Test.RTVAddRemarks()'><b>RTVAddRemarks</b><br>Test class: com.project.testcases.RTV_Test</td>
<td></td>
<td>0</td>
<td>com.project.testcases.RTV_Test@16d04d3d</td></tr>
<tr>
<td title='com.project.testcases.Redeploy_Test.redeploySelectItem()'><b>redeploySelectItem</b><br>Test class: com.project.testcases.Redeploy_Test</td>
<td></td>
<td>3</td>
<td>com.project.testcases.Redeploy_Test@1d2adfbe</td></tr>
<tr>
<td title='com.project.testcases.Redeploy_Test.redeploySelectItemForDispatch()'><b>redeploySelectItemForDispatch</b><br>Test class: com.project.testcases.Redeploy_Test</td>
<td></td>
<td>1</td>
<td>com.project.testcases.Redeploy_Test@1d2adfbe</td></tr>
<tr>
<td title='com.project.testcases.RTV_Test.RTVSetDisposition()'><b>RTVSetDisposition</b><br>Test class: com.project.testcases.RTV_Test</td>
<td></td>
<td>0</td>
<td>com.project.testcases.RTV_Test@16d04d3d</td></tr>
<tr>
<td title='com.project.testcases.Redeploy_Test.redeployVendorcode()'><b>redeployVendorcode</b><br>Test class: com.project.testcases.Redeploy_Test</td>
<td></td>
<td>1</td>
<td>com.project.testcases.Redeploy_Test@1d2adfbe</td></tr>
<tr>
<td title='com.project.testcases.RTV_Test.RTVAttachDoc()'><b>RTVAttachDoc</b><br>Test class: com.project.testcases.RTV_Test</td>
<td></td>
<td>2</td>
<td>com.project.testcases.RTV_Test@16d04d3d</td></tr>
<tr>
<td title='com.project.testcases.Redeploy_Test.redeployDispoToInsurance()'><b>redeployDispoToInsurance</b><br>Test class: com.project.testcases.Redeploy_Test</td>
<td></td>
<td>0</td>
<td>com.project.testcases.Redeploy_Test@1d2adfbe</td></tr>
<tr>
<td title='com.project.testcases.Redeploy_Test.redeployLotName()'><b>redeployLotName</b><br>Test class: com.project.testcases.Redeploy_Test</td>
<td></td>
<td>0</td>
<td>com.project.testcases.Redeploy_Test@1d2adfbe</td></tr>
<tr>
<td title='com.project.testcases.RTV_Test.RTVConfirmDispatch()'><b>RTVConfirmDispatch</b><br>Test class: com.project.testcases.RTV_Test</td>
<td></td>
<td>0</td>
<td>com.project.testcases.RTV_Test@16d04d3d</td></tr>
<tr>
<td title='com.project.testcases.RTV_Test.rtvSelectItemForDispatch()'><b>rtvSelectItemForDispatch</b><br>Test class: com.project.testcases.RTV_Test</td>
<td></td>
<td>2</td>
<td>com.project.testcases.RTV_Test@16d04d3d</td></tr>
<tr>
<td title='com.project.testcases.Logout_InTest.Logout_Test()'><b>Logout_Test</b><br>Test class: com.project.testcases.Logout_InTest</td>
<td></td>
<td>0</td>
<td>com.project.testcases.Logout_InTest@36902638</td></tr>
<tr>
<td title='com.project.testcases.RTV_Test.RTV()'><b>RTV</b><br>Test class: com.project.testcases.RTV_Test</td>
<td></td>
<td>1</td>
<td>com.project.testcases.RTV_Test@16d04d3d</td></tr>
<tr>
<td title='com.project.testcases.WarehouseManagement_Test.clickOnDispositionlinkTest()'><b>clickOnDispositionlinkTest</b><br>Test class: com.project.testcases.WarehouseManagement_Test</td>
<td></td>
<td>3</td>
<td>com.project.testcases.WarehouseManagement_Test@564fabc8</td></tr>
<tr>
<td title='com.project.testcases.RTV_Test.rtvSelectItem()'><b>rtvSelectItem</b><br>Test class: com.project.testcases.RTV_Test</td>
<td></td>
<td>1</td>
<td>com.project.testcases.RTV_Test@16d04d3d</td></tr>
<tr>
<td title='com.project.testcases.RTV_Test.RTVMoveToDispatch()'><b>RTVMoveToDispatch</b><br>Test class: com.project.testcases.RTV_Test</td>
<td></td>
<td>1</td>
<td>com.project.testcases.RTV_Test@16d04d3d</td></tr>
<tr>
<td title='com.project.testcases.Redeploy_Test.redeploySetDisposition()'><b>redeploySetDisposition</b><br>Test class: com.project.testcases.Redeploy_Test</td>
<td></td>
<td>0</td>
<td>com.project.testcases.Redeploy_Test@1d2adfbe</td></tr>
<tr>
<td title='com.project.testcases.Redeploy_Test.redeployDispatchOkbutton()'><b>redeployDispatchOkbutton</b><br>Test class: com.project.testcases.Redeploy_Test</td>
<td></td>
<td>1</td>
<td>com.project.testcases.Redeploy_Test@1d2adfbe</td></tr>
<tr>
<td title='com.project.testcases.Redeploy_Test.redeployConfirm()'><b>redeployConfirm</b><br>Test class: com.project.testcases.Redeploy_Test</td>
<td></td>
<td>0</td>
<td>com.project.testcases.Redeploy_Test@1d2adfbe</td></tr>
<tr>
<td title='com.project.testcases.RTV_Test.RTVConfirm()'><b>RTVConfirm</b><br>Test class: com.project.testcases.RTV_Test</td>
<td></td>
<td>0</td>
<td>com.project.testcases.RTV_Test@16d04d3d</td></tr>
<tr>
<td title='com.project.testcases.RTV_Test.RTVLotName()'><b>RTVLotName</b><br>Test class: com.project.testcases.RTV_Test</td>
<td></td>
<td>0</td>
<td>com.project.testcases.RTV_Test@16d04d3d</td></tr>
<tr>
<td title='com.project.testcases.Redeploy_Test.redeployMoveToDispatch()'><b>redeployMoveToDispatch</b><br>Test class: com.project.testcases.Redeploy_Test</td>
<td></td>
<td>1</td>
<td>com.project.testcases.Redeploy_Test@1d2adfbe</td></tr>
<tr>
<td title='com.project.testcases.RTV_Test.RTVDispoToInsurance()'><b>RTVDispoToInsurance</b><br>Test class: com.project.testcases.RTV_Test</td>
<td></td>
<td>0</td>
<td>com.project.testcases.RTV_Test@16d04d3d</td></tr>
<tr>
<td title='com.project.testcases.Redeploy_Test.redeployConfirmDispatch()'><b>redeployConfirmDispatch</b><br>Test class: com.project.testcases.Redeploy_Test</td>
<td></td>
<td>6</td>
<td>com.project.testcases.Redeploy_Test@1d2adfbe</td></tr>
<tr>
<td title='com.project.testcases.RTV_Test.RTVDispatchOkbutton()'><b>RTVDispatchOkbutton</b><br>Test class: com.project.testcases.RTV_Test</td>
<td></td>
<td>2</td>
<td>com.project.testcases.RTV_Test@16d04d3d</td></tr>
<tr>
<td title='com.project.testcases.RTV_Test.RTVVendorcode()'><b>RTVVendorcode</b><br>Test class: com.project.testcases.RTV_Test</td>
<td></td>
<td>1</td>
<td>com.project.testcases.RTV_Test@16d04d3d</td></tr>
<tr>
<td title='com.project.testcases.Redeploy_Test.redeploy()'><b>redeploy</b><br>Test class: com.project.testcases.Redeploy_Test</td>
<td></td>
<td>1</td>
<td>com.project.testcases.Redeploy_Test@1d2adfbe</td></tr>
</table><p>
</body>
</html>