<?xml version="1.0" encoding="UTF-8"?>
<!-- Generated by org.testng.reporters.JUnitReportReporter -->
<testsuite hostname="DESKTOP-RVJV18D" failures="0" tests="24" name="com.project.testcases.Repair_Test" time="83.878" errors="1" timestamp="2023-12-25T15:24:06 IST" skipped="0">
  <testcase classname="com.project.testcases.Repair_Test" name="repair" time="1.549"/>
  <system-out/>
  <testcase classname="com.project.testcases.Repair_Test" name="repairSelectItem" time="4.223"/>
  <system-out/>
  <testcase classname="com.project.testcases.Repair_Test" name="repairInspectionEmailDate" time="3.921"/>
  <system-out/>
  <testcase classname="com.project.testcases.Repair_Test" name="repairInspectionLoaction" time="0.695"/>
  <system-out/>
  <testcase classname="com.project.testcases.Repair_Test" name="repairLocationInhouse" time="0.657"/>
  <system-out/>
  <testcase classname="com.project.testcases.Repair_Test" name="RepairInspectionAddRemarks" time="1.513"/>
  <system-out/>
  <testcase classname="com.project.testcases.Repair_Test" name="repairAttachDoc" time="3.029"/>
  <system-out/>
  <testcase classname="com.project.testcases.Repair_Test" name="repairSubmitFirst" time="0.326"/>
  <system-out/>
  <testcase classname="com.project.testcases.Repair_Test" name="repairEstimateSelectItem" time="1.064"/>
  <system-out/>
  <testcase classname="com.project.testcases.Repair_Test" name="repairEnterRepairCost" time="0.846"/>
  <system-out/>
  <testcase classname="com.project.testcases.Repair_Test" name="repairEstimateAddRemarks" time="1.039"/>
  <system-out/>
  <testcase classname="com.project.testcases.Repair_Test" name="repairEstimateAttachDoc" time="2.707"/>
  <system-out/>
  <testcase classname="com.project.testcases.Repair_Test" name="repairSubmitSecond" time="0.094"/>
  <system-out/>
  <testcase classname="com.project.testcases.Repair_Test" name="repairApprovalSelectItem" time="1.375"/>
  <system-out/>
  <testcase classname="com.project.testcases.Repair_Test" name="repairApprovalAddRemarks" time="1.486"/>
  <system-out/>
  <testcase classname="com.project.testcases.Repair_Test" name="repairApprovalAttachDoc" time="2.638"/>
  <system-out/>
  <testcase classname="com.project.testcases.Repair_Test" name="repairApproveThird" time="0.122"/>
  <system-out/>
  <testcase classname="com.project.testcases.Repair_Test" name="repairCompletionSelectItem" time="1.154"/>
  <system-out/>
  <testcase classname="com.project.testcases.Repair_Test" name="repairCompletionLoaction" time="0.113"/>
  <system-out/>
  <testcase classname="com.project.testcases.Repair_Test" name="repairCompletionLocationInhouse" time="0.153"/>
  <system-out/>
  <testcase classname="com.project.testcases.Repair_Test" name="repairCompletionDate" time="51.147">
    <error message="no such element: Unable to locate element: {&quot;method&quot;:&quot;xpath&quot;,&quot;selector&quot;:&quot;//div[@class=&#039;accent--text&#039;]&quot;}
  (Session info: chrome=120.0.6099.129)
For documentation on this error, please visit: https://www.seleniumhq.org/exceptions/no_such_element.html
Build info: version: &#039;3.141.59&#039;, revision: &#039;e82be7d358&#039;, time: &#039;2018-11-14T08:25:53&#039;
System info: host: &#039;DESKTOP-RVJV18D&#039;, ip: &#039;192.168.0.190&#039;, os.name: &#039;Windows 10&#039;, os.arch: &#039;amd64&#039;, os.version: &#039;10.0&#039;, java.version: &#039;19.0.1&#039;
Driver info: org.openqa.selenium.chrome.ChromeDriver
Capabilities {acceptInsecureCerts: false, browserName: chrome, browserVersion: 120.0.6099.129, chrome: {chromedriverVersion: 119.0.6045.105 (38c72552c5e..., userDataDir: C:\Users\Blubirch\AppData\L...}, fedcm:accounts: true, goog:chromeOptions: {debuggerAddress: localhost:58352}, javascriptEnabled: true, networkConnectionEnabled: false, pageLoadStrategy: normal, platform: WINDOWS, platformName: WINDOWS, proxy: Proxy(), setWindowRect: true, strictFileInteractability: false, timeouts: {implicit: 0, pageLoad: 300000, script: 30000}, unhandledPromptBehavior: dismiss and notify, webauthn:extension:credBlob: true, webauthn:extension:largeBlob: true, webauthn:extension:minPinLength: true, webauthn:extension:prf: true, webauthn:virtualAuthenticators: true}
Session ID: dc9f84e8c9f7bb85cb98cc8049d6dedc
*** Element info: {Using=xpath, value=//div[@class=&#039;accent--text&#039;]}" type="org.openqa.selenium.NoSuchElementException">
      <![CDATA[org.openqa.selenium.NoSuchElementException: no such element: Unable to locate element: {"method":"xpath","selector":"//div[@class='accent--text']"}
  (Session info: chrome=120.0.6099.129)
For documentation on this error, please visit: https://www.seleniumhq.org/exceptions/no_such_element.html
Build info: version: '3.141.59', revision: 'e82be7d358', time: '2018-11-14T08:25:53'
System info: host: 'DESKTOP-RVJV18D', ip: '192.168.0.190', os.name: 'Windows 10', os.arch: 'amd64', os.version: '10.0', java.version: '19.0.1'
Driver info: org.openqa.selenium.chrome.ChromeDriver
Capabilities {acceptInsecureCerts: false, browserName: chrome, browserVersion: 120.0.6099.129, chrome: {chromedriverVersion: 119.0.6045.105 (38c72552c5e..., userDataDir: C:\Users\Blubirch\AppData\L...}, fedcm:accounts: true, goog:chromeOptions: {debuggerAddress: localhost:58352}, javascriptEnabled: true, networkConnectionEnabled: false, pageLoadStrategy: normal, platform: WINDOWS, platformName: WINDOWS, proxy: Proxy(), setWindowRect: true, strictFileInteractability: false, timeouts: {implicit: 0, pageLoad: 300000, script: 30000}, unhandledPromptBehavior: dismiss and notify, webauthn:extension:credBlob: true, webauthn:extension:largeBlob: true, webauthn:extension:minPinLength: true, webauthn:extension:prf: true, webauthn:virtualAuthenticators: true}
Session ID: dc9f84e8c9f7bb85cb98cc8049d6dedc
*** Element info: {Using=xpath, value=//div[@class='accent--text']}
at java.base/jdk.internal.reflect.DirectConstructorHandleAccessor.newInstance(DirectConstructorHandleAccessor.java:67)
at java.base/java.lang.reflect.Constructor.newInstanceWithCaller(Constructor.java:500)
at java.base/java.lang.reflect.Constructor.newInstance(Constructor.java:484)
at org.openqa.selenium.remote.http.W3CHttpResponseCodec.createException(W3CHttpResponseCodec.java:187)
at org.openqa.selenium.remote.http.W3CHttpResponseCodec.decode(W3CHttpResponseCodec.java:122)
at org.openqa.selenium.remote.http.W3CHttpResponseCodec.decode(W3CHttpResponseCodec.java:49)
at org.openqa.selenium.remote.HttpCommandExecutor.execute(HttpCommandExecutor.java:158)
at org.openqa.selenium.remote.service.DriverCommandExecutor.execute(DriverCommandExecutor.java:83)
at org.openqa.selenium.remote.RemoteWebDriver.execute(RemoteWebDriver.java:552)
at org.openqa.selenium.remote.RemoteWebDriver.findElement(RemoteWebDriver.java:323)
at org.openqa.selenium.remote.RemoteWebDriver.findElementByXPath(RemoteWebDriver.java:428)
at org.openqa.selenium.By$ByXPath.findElement(By.java:353)
at org.openqa.selenium.remote.RemoteWebDriver.findElement(RemoteWebDriver.java:315)
at org.openqa.selenium.support.pagefactory.DefaultElementLocator.findElement(DefaultElementLocator.java:69)
at org.openqa.selenium.support.pagefactory.internal.LocatingElementHandler.invoke(LocatingElementHandler.java:38)
at jdk.proxy2/jdk.proxy2.$Proxy15.click(Unknown Source)
at com.project.code.Repair.repairCompletionDate(Repair.java:269)
at com.project.testcases.Repair_Test.repairCompletionDate(Repair_Test.java:107)
at java.base/jdk.internal.reflect.DirectMethodHandleAccessor.invoke(DirectMethodHandleAccessor.java:104)
at java.base/java.lang.reflect.Method.invoke(Method.java:578)
at org.testng.internal.MethodInvocationHelper.invokeMethod(MethodInvocationHelper.java:133)
at org.testng.internal.TestInvoker.invokeMethod(TestInvoker.java:598)
at org.testng.internal.TestInvoker.invokeTestMethod(TestInvoker.java:173)
at org.testng.internal.MethodRunner.runInSequence(MethodRunner.java:46)
at org.testng.internal.TestInvoker$MethodInvocationAgent.invoke(TestInvoker.java:824)
at org.testng.internal.TestInvoker.invokeTestMethods(TestInvoker.java:146)
at org.testng.internal.TestMethodWorker.invokeTestMethods(TestMethodWorker.java:146)
at org.testng.internal.TestMethodWorker.run(TestMethodWorker.java:128)
at java.base/java.util.ArrayList.forEach(ArrayList.java:1511)
at org.testng.TestRunner.privateRun(TestRunner.java:794)
at org.testng.TestRunner.run(TestRunner.java:596)
at org.testng.SuiteRunner.runTest(SuiteRunner.java:377)
at org.testng.SuiteRunner.runSequentially(SuiteRunner.java:371)
at org.testng.SuiteRunner.privateRun(SuiteRunner.java:332)
at org.testng.SuiteRunner.run(SuiteRunner.java:276)
at org.testng.SuiteRunnerWorker.runSuite(SuiteRunnerWorker.java:53)
at org.testng.SuiteRunnerWorker.run(SuiteRunnerWorker.java:96)
at org.testng.TestNG.runSuitesSequentially(TestNG.java:1212)
at org.testng.TestNG.runSuitesLocally(TestNG.java:1134)
at org.testng.TestNG.runSuites(TestNG.java:1063)
at org.testng.TestNG.run(TestNG.java:1031)
at org.testng.remote.AbstractRemoteTestNG.run(AbstractRemoteTestNG.java:115)
at org.testng.remote.RemoteTestNG.initAndRun(RemoteTestNG.java:251)
at org.testng.remote.RemoteTestNG.main(RemoteTestNG.java:77)
]]>
    </error>
  </testcase> <!-- repairCompletionDate -->
  <system-out/>
  <testcase classname="com.project.testcases.Repair_Test" name="repairCompletionAddRemarks" time="0.933"/>
  <system-out/>
  <testcase classname="com.project.testcases.Repair_Test" name="repairCompletionAttachDoc" time="2.840"/>
  <system-out/>
  <testcase classname="com.project.testcases.Repair_Test" name="repairCompletionSubmit" time="0.254"/>
  <system-out/>
</testsuite> <!-- com.project.testcases.Repair_Test -->
